<?xml version="1.0" encoding="UTF-8"?>
<!-- Generated by org.testng.reporters.JUnitReportReporter -->
<testsuite name="DemoPack.Report" tests="1" time="0.002" ignored="0" failures="0" timestamp="24 May 2021 15:18:44 GMT" skipped="0" hostname="DESKTOP-DVUHKKB" errors="0">
  <testcase name="CreateReport" time="0.002" classname="DemoPack.Report"/>
</testsuite> <!-- DemoPack.Report -->
