<?xml version="1.0" encoding="UTF-8"?>
<!-- Generated by org.testng.reporters.JUnitReportReporter -->
<testsuite name="DemoPack.user" tests="3" time="0.006" ignored="0" failures="0" timestamp="24 May 2021 15:18:44 GMT" skipped="0" hostname="DESKTOP-DVUHKKB" errors="0">
  <testcase name="editUser" time="0.004" classname="DemoPack.user"/>
  <testcase name="createUser" time="0.001" classname="DemoPack.user"/>
  <testcase name="deleteUser" time="0.001" classname="DemoPack.user"/>
</testsuite> <!-- DemoPack.user -->
