<?xml version="1.0" encoding="UTF-8"?>
<!-- Generated by org.testng.reporters.JUnitReportReporter -->
<testsuite name="DemoPack.Custmer" tests="3" time="0.026" ignored="0" failures="0" timestamp="24 May 2021 15:18:44 GMT" skipped="0" hostname="DESKTOP-DVUHKKB" errors="0">
  <testcase name="CreateCumtomer" time="0.016" classname="DemoPack.Custmer"/>
  <testcase name="EditCumtomer" time="0.007" classname="DemoPack.Custmer"/>
  <testcase name="DeleteCumtomer" time="0.003" classname="DemoPack.Custmer"/>
</testsuite> <!-- DemoPack.Custmer -->
